<?xml version="1.0" encoding="UTF-8"?>
<testng-results skipped="0" failed="0" total="1" passed="1">
  <reporter-output>
  </reporter-output>
  <suite name="Suite" duration-ms="27607" started-at="2016-03-29T11:55:37Z" finished-at="2016-03-29T11:56:05Z">
    <groups>
    </groups>
    <test name="Test" duration-ms="27607" started-at="2016-03-29T11:55:37Z" finished-at="2016-03-29T11:56:05Z">
      <class name="domestic_flight_resultlist.DFR_ClickEditbutton">
        <test-method status="PASS" signature="OpenOway()[pri:0, instance:domestic_flight_resultlist.DFR_ClickEditbutton@cbfb61]" name="OpenOway" is-config="true" duration-ms="26927" started-at="2016-03-29T17:25:37Z" finished-at="2016-03-29T17:26:04Z">
          <reporter-output>
          </reporter-output>
        </test-method> <!-- OpenOway -->
        <test-method status="PASS" signature="Edit()[pri:0, instance:domestic_flight_resultlist.DFR_ClickEditbutton@cbfb61]" name="Edit" duration-ms="18" started-at="2016-03-29T17:26:04Z" finished-at="2016-03-29T17:26:04Z">
          <reporter-output>
          </reporter-output>
        </test-method> <!-- Edit -->
        <test-method status="PASS" signature="CloseOway()[pri:0, instance:domestic_flight_resultlist.DFR_ClickEditbutton@cbfb61]" name="CloseOway" is-config="true" duration-ms="647" started-at="2016-03-29T17:26:04Z" finished-at="2016-03-29T17:26:05Z">
          <reporter-output>
          </reporter-output>
        </test-method> <!-- CloseOway -->
      </class> <!-- domestic_flight_resultlist.DFR_ClickEditbutton -->
    </test> <!-- Test -->
  </suite> <!-- Suite -->
</testng-results>
