<?xml version="1.0" encoding="UTF-8"?>
<!-- Generated by org.testng.reporters.JUnitXMLReporter -->
<testsuite hostname="PWSDES065" name="Default test" tests="1" failures="0" timestamp="29 Mar 2016 10:21:26 GMT" time="56.981" errors="0">
  <testcase name="@BeforeMethod OpenOway" time="0.0" classname="domestic_flight_resultlist.DFR_FlightStops">
    <failure type="org.openqa.selenium.WebDriverException" message="Failed to connect to binary FirefoxBinary(C:\Program Files\Mozilla Firefox\firefox.exe) on port 7055; process output follows: 
4}&amp;quot;,&amp;quot;minVersion&amp;quot;:&amp;quot;45.0.1&amp;quot;,&amp;quot;maxVersion&amp;quot;:&amp;quot;45.0.1&amp;quot;}],&amp;quot;targetPlatforms&amp;quot;:[],&amp;quot;seen&amp;quot;:true}
1459246859520	addons.xpi	DEBUG	getModTime: Recursive scan of {972ce4c6-7e08-4474-a285-3208198ce6fd}
1459246859520	addons.xpi	DEBUG	Updating XPIState for {&amp;quot;id&amp;quot;:&amp;quot;{20a82645-c095-46ed-80e3-08825760534b}&amp;quot;,&amp;quot;syncGUID&amp;quot;:&amp;quot;5-R2JKSre_RH&amp;quot;,&amp;quot;location&amp;quot;:&amp;quot;winreg-app-global&amp;quot;,&amp;quot;version&amp;quot;:&amp;quot;0.0.0&amp;quot;,&amp;quot;type&amp;quot;:&amp;quot;extension&amp;quot;,&amp;quot;internalName&amp;quot;:null,&amp;quot;updateURL&amp;quot;:null,&amp;quot;updateKey&amp;quot;:null,&amp;quot;optionsURL&amp;quot;:null,&amp;quot;optionsType&amp;quot;:null,&amp;quot;aboutURL&amp;quot;:null,&amp;quot;icons&amp;quot;:{},&amp;quot;iconURL&amp;quot;:null,&amp;quot;icon64URL&amp;quot;:null,&amp;quot;defaultLocale&amp;quot;:{&amp;quot;name&amp;quot;:&amp;quot;Microsoft .NET Framework Assistant&amp;quot;,&amp;quot;description&amp;quot;:&amp;quot;Adds ClickOnce support and the ability to report installed .NET versions to the web server.&amp;quot;,&amp;quot;creator&amp;quot;:&amp;quot;Microsoft&amp;quot;,&amp;quot;homepageURL&amp;quot;:&amp;quot;http://www.windowsclient.net/&amp;quot;},&amp;quot;visible&amp;quot;:true,&amp;quot;active&amp;quot;:false,&amp;quot;userDisabled&amp;quot;:true,&amp;quot;appDisabled&amp;quot;:false,&amp;quot;descriptor&amp;quot;:&amp;quot;C:\\Windows\\Microsoft.NET\\Framework\\v3.5\\Windows Presentation Foundation\\DotNetAssistantExtension&amp;quot;,&amp;quot;installDate&amp;quot;:1456115997824,&amp;quot;updateDate&amp;quot;:1456115997824,&amp;quot;applyBackgroundUpdates&amp;quot;:1,&amp;quot;bootstrap&amp;quot;:false,&amp;quot;skinnable&amp;quot;:false,&amp;quot;size&amp;quot;:42347,&amp;quot;sourceURI&amp;quot;:null,&amp;quot;releaseNotesURI&amp;quot;:null,&amp;quot;softDisabled&amp;quot;:false,&amp;quot;foreignInstall&amp;quot;:true,&amp;quot;hasBinaryComponents&amp;quot;:false,&amp;quot;strictCompatibility&amp;quot;:false,&amp;quot;locales&amp;quot;:[],&amp;quot;targetApplications&amp;quot;:[{&amp;quot;id&amp;quot;:&amp;quot;{ec8030f7-c20a-464f-9b0e-13a3a9e97384}&amp;quot;,&amp;quot;minVersion&amp;quot;:&amp;quot;1.5&amp;quot;,&amp;quot;maxVersion&amp;quot;:&amp;quot;9.*.*&amp;quot;}],&amp;quot;targetPlatforms&amp;quot;:[{&amp;quot;os&amp;quot;:&amp;quot;WINNT&amp;quot;,&amp;quot;abi&amp;quot;:null}],&amp;quot;multiprocessCompatible&amp;quot;:false,&amp;quot;signedState&amp;quot;:0,&amp;quot;seen&amp;quot;:true}
1459246859521	DeferredSave.extensions.json	DEBUG	Save changes
1459246859521	addons.xpi	DEBUG	Updating database with changes to installed add-ons
1459246859521	addons.xpi-utils	DEBUG	Updating add-on states
1459246859523	addons.xpi-utils	DEBUG	Writing add-ons list
1459246859532	addons.xpi	DEBUG	Registering manifest for C:\Program Files\Mozilla Firefox\browser\features\loop@mozilla.org.xpi
1459246859534	addons.xpi	DEBUG	Calling bootstrap method startup on loop@mozilla.org version 0.1
1459246859554	addons.manager	DEBUG	Starting provider: &amp;lt;unnamed-provider&amp;gt;
1459246859554	addons.manager	DEBUG	Registering shutdown blocker for &amp;lt;unnamed-provider&amp;gt;
1459246859554	addons.manager	DEBUG	Provider finished startup: &amp;lt;unnamed-provider&amp;gt;
1459246859571	addons.manager	DEBUG	Registering shutdown blocker for XPIProvider
1459246859572	addons.manager	DEBUG	Provider finished startup: XPIProvider
1459246859572	addons.manager	DEBUG	Starting provider: LightweightThemeManager
1459246859572	addons.manager	DEBUG	Registering shutdown blocker for LightweightThemeManager
1459246859572	addons.manager	DEBUG	Provider finished startup: LightweightThemeManager
1459246859573	addons.manager	DEBUG	Starting provider: GMPProvider
1459246859580	addons.manager	DEBUG	Registering shutdown blocker for GMPProvider
1459246859581	addons.manager	DEBUG	Provider finished startup: GMPProvider
1459246859581	addons.manager	DEBUG	Starting provider: PluginProvider
1459246859581	addons.manager	DEBUG	Registering shutdown blocker for PluginProvider
1459246859581	addons.manager	DEBUG	Provider finished startup: PluginProvider
1459246859582	addons.manager	DEBUG	Completed startup sequence
[GFX1]: Potential driver version mismatch ignored due to missing DLLs
1459246863594	DeferredSave.extensions.json	DEBUG	Starting write
1459246864022	addons.repository	DEBUG	No addons.json found.
1459246864022	DeferredSave.addons.json	DEBUG	Save changes
1459246864025	DeferredSave.addons.json	DEBUG	Starting timer
1459246864069	addons.manager	DEBUG	Starting provider: PreviousExperimentProvider
1459246864069	addons.manager	DEBUG	Registering shutdown blocker for PreviousExperimentProvider
1459246864069	addons.manager	DEBUG	Provider finished startup: PreviousExperimentProvider
1459246864073	DeferredSave.extensions.json	DEBUG	Write succeeded
1459246864073	addons.xpi-utils	DEBUG	XPI Database saved, setting schema version preference to 17
1459246864075	DeferredSave.addons.json	DEBUG	Starting write
1459246864138	DeferredSave.addons.json	DEBUG	Write succeeded
1459246885090	addons.xpi	DEBUG	Calling bootstrap method shutdown on loop@mozilla.org version 0.1

Build info: version: &amp;apos;2.48.2&amp;apos;, revision: &amp;apos;41bccdd&amp;apos;, time: &amp;apos;2015-10-09 19:55:52&amp;apos;
System info: host: &amp;apos;PWSDES065&amp;apos;, ip: &amp;apos;192.168.2.70&amp;apos;, os.name: &amp;apos;Windows Vista&amp;apos;, os.arch: &amp;apos;x86&amp;apos;, os.version: &amp;apos;6.0&amp;apos;, java.version: &amp;apos;1.8.0_25&amp;apos;
Driver info: driver.version: FirefoxDriver">
      <![CDATA[org.openqa.selenium.WebDriverException: Failed to connect to binary FirefoxBinary(C:\Program Files\Mozilla Firefox\firefox.exe) on port 7055; process output follows: 
4}","minVersion":"45.0.1","maxVersion":"45.0.1"}],"targetPlatforms":[],"seen":true}
1459246859520	addons.xpi	DEBUG	getModTime: Recursive scan of {972ce4c6-7e08-4474-a285-3208198ce6fd}
1459246859520	addons.xpi	DEBUG	Updating XPIState for {"id":"{20a82645-c095-46ed-80e3-08825760534b}","syncGUID":"5-R2JKSre_RH","location":"winreg-app-global","version":"0.0.0","type":"extension","internalName":null,"updateURL":null,"updateKey":null,"optionsURL":null,"optionsType":null,"aboutURL":null,"icons":{},"iconURL":null,"icon64URL":null,"defaultLocale":{"name":"Microsoft .NET Framework Assistant","description":"Adds ClickOnce support and the ability to report installed .NET versions to the web server.","creator":"Microsoft","homepageURL":"http://www.windowsclient.net/"},"visible":true,"active":false,"userDisabled":true,"appDisabled":false,"descriptor":"C:\\Windows\\Microsoft.NET\\Framework\\v3.5\\Windows Presentation Foundation\\DotNetAssistantExtension","installDate":1456115997824,"updateDate":1456115997824,"applyBackgroundUpdates":1,"bootstrap":false,"skinnable":false,"size":42347,"sourceURI":null,"releaseNotesURI":null,"softDisabled":false,"foreignInstall":true,"hasBinaryComponents":false,"strictCompatibility":false,"locales":[],"targetApplications":[{"id":"{ec8030f7-c20a-464f-9b0e-13a3a9e97384}","minVersion":"1.5","maxVersion":"9.*.*"}],"targetPlatforms":[{"os":"WINNT","abi":null}],"multiprocessCompatible":false,"signedState":0,"seen":true}
1459246859521	DeferredSave.extensions.json	DEBUG	Save changes
1459246859521	addons.xpi	DEBUG	Updating database with changes to installed add-ons
1459246859521	addons.xpi-utils	DEBUG	Updating add-on states
1459246859523	addons.xpi-utils	DEBUG	Writing add-ons list
1459246859532	addons.xpi	DEBUG	Registering manifest for C:\Program Files\Mozilla Firefox\browser\features\loop@mozilla.org.xpi
1459246859534	addons.xpi	DEBUG	Calling bootstrap method startup on loop@mozilla.org version 0.1
1459246859554	addons.manager	DEBUG	Starting provider: <unnamed-provider>
1459246859554	addons.manager	DEBUG	Registering shutdown blocker for <unnamed-provider>
1459246859554	addons.manager	DEBUG	Provider finished startup: <unnamed-provider>
1459246859571	addons.manager	DEBUG	Registering shutdown blocker for XPIProvider
1459246859572	addons.manager	DEBUG	Provider finished startup: XPIProvider
1459246859572	addons.manager	DEBUG	Starting provider: LightweightThemeManager
1459246859572	addons.manager	DEBUG	Registering shutdown blocker for LightweightThemeManager
1459246859572	addons.manager	DEBUG	Provider finished startup: LightweightThemeManager
1459246859573	addons.manager	DEBUG	Starting provider: GMPProvider
1459246859580	addons.manager	DEBUG	Registering shutdown blocker for GMPProvider
1459246859581	addons.manager	DEBUG	Provider finished startup: GMPProvider
1459246859581	addons.manager	DEBUG	Starting provider: PluginProvider
1459246859581	addons.manager	DEBUG	Registering shutdown blocker for PluginProvider
1459246859581	addons.manager	DEBUG	Provider finished startup: PluginProvider
1459246859582	addons.manager	DEBUG	Completed startup sequence
[GFX1]: Potential driver version mismatch ignored due to missing DLLs
1459246863594	DeferredSave.extensions.json	DEBUG	Starting write
1459246864022	addons.repository	DEBUG	No addons.json found.
1459246864022	DeferredSave.addons.json	DEBUG	Save changes
1459246864025	DeferredSave.addons.json	DEBUG	Starting timer
1459246864069	addons.manager	DEBUG	Starting provider: PreviousExperimentProvider
1459246864069	addons.manager	DEBUG	Registering shutdown blocker for PreviousExperimentProvider
1459246864069	addons.manager	DEBUG	Provider finished startup: PreviousExperimentProvider
1459246864073	DeferredSave.extensions.json	DEBUG	Write succeeded
1459246864073	addons.xpi-utils	DEBUG	XPI Database saved, setting schema version preference to 17
1459246864075	DeferredSave.addons.json	DEBUG	Starting write
1459246864138	DeferredSave.addons.json	DEBUG	Write succeeded
1459246885090	addons.xpi	DEBUG	Calling bootstrap method shutdown on loop@mozilla.org version 0.1

Build info: version: '2.48.2', revision: '41bccdd', time: '2015-10-09 19:55:52'
System info: host: 'PWSDES065', ip: '192.168.2.70', os.name: 'Windows Vista', os.arch: 'x86', os.version: '6.0', java.version: '1.8.0_25'
Driver info: driver.version: FirefoxDriver
	at org.openqa.selenium.firefox.internal.NewProfileExtensionConnection.start(NewProfileExtensionConnection.java:134)
	at org.openqa.selenium.firefox.FirefoxDriver.startClient(FirefoxDriver.java:271)
	at org.openqa.selenium.remote.RemoteWebDriver.<init>(RemoteWebDriver.java:117)
	at org.openqa.selenium.firefox.FirefoxDriver.<init>(FirefoxDriver.java:218)
	at org.openqa.selenium.firefox.FirefoxDriver.<init>(FirefoxDriver.java:211)
	at org.openqa.selenium.firefox.FirefoxDriver.<init>(FirefoxDriver.java:207)
	at org.openqa.selenium.firefox.FirefoxDriver.<init>(FirefoxDriver.java:120)
	at generalFunctions.CommonLocators.OpenBrowser(CommonLocators.java:35)
	at domestic_flight_resultlist.DFR_FlightStops.OpenOway(DFR_FlightStops.java:26)
	at sun.reflect.NativeMethodAccessorImpl.invoke0(Native Method)
	at sun.reflect.NativeMethodAccessorImpl.invoke(Unknown Source)
	at sun.reflect.DelegatingMethodAccessorImpl.invoke(Unknown Source)
	at java.lang.reflect.Method.invoke(Unknown Source)
	at org.testng.internal.MethodInvocationHelper.invokeMethod(MethodInvocationHelper.java:86)
	at org.testng.internal.Invoker.invokeConfigurationMethod(Invoker.java:514)
	at org.testng.internal.Invoker.invokeConfigurations(Invoker.java:215)
	at org.testng.internal.Invoker.invokeMethod(Invoker.java:589)
	at org.testng.internal.Invoker.invokeTestMethod(Invoker.java:822)
	at org.testng.internal.Invoker.invokeTestMethods(Invoker.java:1130)
	at org.testng.internal.TestMethodWorker.invokeTestMethods(TestMethodWorker.java:129)
	at org.testng.internal.TestMethodWorker.run(TestMethodWorker.java:112)
	at org.testng.TestRunner.privateRun(TestRunner.java:782)
	at org.testng.TestRunner.run(TestRunner.java:632)
	at org.testng.SuiteRunner.runTest(SuiteRunner.java:366)
	at org.testng.SuiteRunner.runSequentially(SuiteRunner.java:361)
	at org.testng.SuiteRunner.privateRun(SuiteRunner.java:319)
	at org.testng.SuiteRunner.run(SuiteRunner.java:268)
	at org.testng.SuiteRunnerWorker.runSuite(SuiteRunnerWorker.java:52)
	at org.testng.SuiteRunnerWorker.run(SuiteRunnerWorker.java:86)
	at org.testng.TestNG.runSuitesSequentially(TestNG.java:1244)
	at org.testng.TestNG.runSuitesLocally(TestNG.java:1169)
	at org.testng.TestNG.run(TestNG.java:1064)
	at org.testng.remote.RemoteTestNG.run(RemoteTestNG.java:113)
	at org.testng.remote.RemoteTestNG.initAndRun(RemoteTestNG.java:206)
	at org.testng.remote.RemoteTestNG.main(RemoteTestNG.java:177)
Caused by: org.openqa.selenium.firefox.NotConnectedException: Unable to connect to host 127.0.0.1 on port 7055 after 45000 ms. Firefox console output:
4}","minVersion":"45.0.1","maxVersion":"45.0.1"}],"targetPlatforms":[],"seen":true}
1459246859520	addons.xpi	DEBUG	getModTime: Recursive scan of {972ce4c6-7e08-4474-a285-3208198ce6fd}
1459246859520	addons.xpi	DEBUG	Updating XPIState for {"id":"{20a82645-c095-46ed-80e3-08825760534b}","syncGUID":"5-R2JKSre_RH","location":"winreg-app-global","version":"0.0.0","type":"extension","internalName":null,"updateURL":null,"updateKey":null,"optionsURL":null,"optionsType":null,"aboutURL":null,"icons":{},"iconURL":null,"icon64URL":null,"defaultLocale":{"name":"Microsoft .NET Framework Assistant","description":"Adds ClickOnce support and the ability to report installed .NET versions to the web server.","creator":"Microsoft","homepageURL":"http://www.windowsclient.net/"},"visible":true,"active":false,"userDisabled":true,"appDisabled":false,"descriptor":"C:\\Windows\\Microsoft.NET\\Framework\\v3.5\\Windows Presentation Foundation\\DotNetAssistantExtension","installDate":1456115997824,"updateDate":1456115997824,"applyBackgroundUpdates":1,"bootstrap":false,"skinnable":false,"size":42347,"sourceURI":null,"releaseNotesURI":null,"softDisabled":false,"foreignInstall":true,"hasBinaryComponents":false,"strictCompatibility":false,"locales":[],"targetApplications":[{"id":"{ec8030f7-c20a-464f-9b0e-13a3a9e97384}","minVersion":"1.5","maxVersion":"9.*.*"}],"targetPlatforms":[{"os":"WINNT","abi":null}],"multiprocessCompatible":false,"signedState":0,"seen":true}
1459246859521	DeferredSave.extensions.json	DEBUG	Save changes
1459246859521	addons.xpi	DEBUG	Updating database with changes to installed add-ons
1459246859521	addons.xpi-utils	DEBUG	Updating add-on states
1459246859523	addons.xpi-utils	DEBUG	Writing add-ons list
1459246859532	addons.xpi	DEBUG	Registering manifest for C:\Program Files\Mozilla Firefox\browser\features\loop@mozilla.org.xpi
1459246859534	addons.xpi	DEBUG	Calling bootstrap method startup on loop@mozilla.org version 0.1
1459246859554	addons.manager	DEBUG	Starting provider: <unnamed-provider>
1459246859554	addons.manager	DEBUG	Registering shutdown blocker for <unnamed-provider>
1459246859554	addons.manager	DEBUG	Provider finished startup: <unnamed-provider>
1459246859571	addons.manager	DEBUG	Registering shutdown blocker for XPIProvider
1459246859572	addons.manager	DEBUG	Provider finished startup: XPIProvider
1459246859572	addons.manager	DEBUG	Starting provider: LightweightThemeManager
1459246859572	addons.manager	DEBUG	Registering shutdown blocker for LightweightThemeManager
1459246859572	addons.manager	DEBUG	Provider finished startup: LightweightThemeManager
1459246859573	addons.manager	DEBUG	Starting provider: GMPProvider
1459246859580	addons.manager	DEBUG	Registering shutdown blocker for GMPProvider
1459246859581	addons.manager	DEBUG	Provider finished startup: GMPProvider
1459246859581	addons.manager	DEBUG	Starting provider: PluginProvider
1459246859581	addons.manager	DEBUG	Registering shutdown blocker for PluginProvider
1459246859581	addons.manager	DEBUG	Provider finished startup: PluginProvider
1459246859582	addons.manager	DEBUG	Completed startup sequence
[GFX1]: Potential driver version mismatch ignored due to missing DLLs
1459246863594	DeferredSave.extensions.json	DEBUG	Starting write
1459246864022	addons.repository	DEBUG	No addons.json found.
1459246864022	DeferredSave.addons.json	DEBUG	Save changes
1459246864025	DeferredSave.addons.json	DEBUG	Starting timer
1459246864069	addons.manager	DEBUG	Starting provider: PreviousExperimentProvider
1459246864069	addons.manager	DEBUG	Registering shutdown blocker for PreviousExperimentProvider
1459246864069	addons.manager	DEBUG	Provider finished startup: PreviousExperimentProvider
1459246864073	DeferredSave.extensions.json	DEBUG	Write succeeded
1459246864073	addons.xpi-utils	DEBUG	XPI Database saved, setting schema version preference to 17
1459246864075	DeferredSave.addons.json	DEBUG	Starting write
1459246864138	DeferredSave.addons.json	DEBUG	Write succeeded
1459246885090	addons.xpi	DEBUG	Calling bootstrap method shutdown on loop@mozilla.org version 0.1

	at org.openqa.selenium.firefox.internal.NewProfileExtensionConnection.start(NewProfileExtensionConnection.java:122)
	... 34 more
]]>
    </failure>
  </testcase> <!-- @BeforeMethod OpenOway -->
  <testcase name="@AfterTest CloseOway" time="0.0" classname="domestic_flight_resultlist.DFR_FlightStops">
    <skipped/>
  </testcase> <!-- @AfterTest CloseOway -->
  <testcase name="FlightStops" time="0.002" classname="domestic_flight_resultlist.DFR_FlightStops">
    <skipped/>
  </testcase> <!-- FlightStops -->
</testsuite> <!-- Default test -->
